Traceback (most recent call last):
  File "/mnt/labs/home/schekmenev/projects/meanflow-ot-proteina/scripts/prepare_debug_data.py", line 20, in <module>
    import pandas as pd
  File "/netscratch/schekmenev/venvs/meanflow-ot-proteina/.venv/lib/python3.11/site-packages/pandas/__init__.py", line 22, in <module>
    from pandas.compat import is_numpy_dev as _is_numpy_dev  # pyright: ignore # noqa:F401
    ^^^^^^^^^^^^^^^^^^^^^^^^^^^^^^^^^^^^^^^^^^^^^^^^^^^^^^^
  File "/netscratch/schekmenev/venvs/meanflow-ot-proteina/.venv/lib/python3.11/site-packages/pandas/compat/__init__.py", line 18, in <module>
    from pandas.compat.numpy import (
  File "/netscratch/schekmenev/venvs/meanflow-ot-proteina/.venv/lib/python3.11/site-packages/pandas/compat/numpy/__init__.py", line 4, in <module>
    from pandas.util.version import Version
  File "/netscratch/schekmenev/venvs/meanflow-ot-proteina/.venv/lib/python3.11/site-packages/pandas/util/__init__.py", line 2, in <module>
    from pandas.util._decorators import (  # noqa:F401
  File "/netscratch/schekmenev/venvs/meanflow-ot-proteina/.venv/lib/python3.11/site-packages/pandas/util/_decorators.py", line 14, in <module>
    from pandas._libs.properties import cache_readonly
  File "/netscratch/schekmenev/venvs/meanflow-ot-proteina/.venv/lib/python3.11/site-packages/pandas/_libs/__init__.py", line 13, in <module>
    from pandas._libs.interval import Interval
  File "pandas/_libs/interval.pyx", line 1, in init pandas._libs.interval
ValueError: numpy.dtype size changed, may indicate binary incompatibility. Expected 96 from C header, got 88 from PyObject
Traceback (most recent call last):
  File "/mnt/labs/home/schekmenev/projects/meanflow-ot-proteina/proteinfoundation/train.py", line 26, in <module>
    import wandb
  File "/netscratch/schekmenev/venvs/meanflow-ot-proteina/.venv/lib/python3.11/site-packages/wandb/__init__.py", line 27, in <module>
    from wandb import sdk as wandb_sdk
  File "/netscratch/schekmenev/venvs/meanflow-ot-proteina/.venv/lib/python3.11/site-packages/wandb/sdk/__init__.py", line 25, in <module>
    from .artifacts.artifact import Artifact
  File "/netscratch/schekmenev/venvs/meanflow-ot-proteina/.venv/lib/python3.11/site-packages/wandb/sdk/artifacts/artifact.py", line 45, in <module>
    from wandb import data_types, env, util
  File "/netscratch/schekmenev/venvs/meanflow-ot-proteina/.venv/lib/python3.11/site-packages/wandb/data_types.py", line 32, in <module>
    from .sdk.data_types import _dtypes
  File "/netscratch/schekmenev/venvs/meanflow-ot-proteina/.venv/lib/python3.11/site-packages/wandb/sdk/data_types/_dtypes.py", line 393, in <module>
    NumberType.types.append(np.float_)
                            ^^^^^^^^^
  File "/netscratch/schekmenev/venvs/meanflow-ot-proteina/.venv/lib/python3.11/site-packages/numpy/__init__.py", line 400, in __getattr__
    raise AttributeError(
AttributeError: `np.float_` was removed in the NumPy 2.0 release. Use `np.float64` instead.
srun: error: H100Azure03: task 0: Exited with exit code 1
